<?xml version="1.0" encoding="UTF-8"?>
<beans:beans xmlns="http://www.springframework.org/schema/mvc"
	xmlns:xsi="http://www.w3.org/2001/XMLSchema-instance" xmlns:beans="http://www.springframework.org/schema/beans"
	xmlns:context="http://www.springframework.org/schema/context"
	xsi:schemaLocation="http://www.springframework.org/schema/mvc http://www.springframework.org/schema/mvc/spring-mvc-3.0.xsd
		http://www.springframework.org/schema/beans http://www.springframework.org/schema/beans/spring-beans-3.0.xsd
		http://www.springframework.org/schema/context http://www.springframework.org/schema/context/spring-context-3.0.xsd">

	<beans:bean id="dataSource" class="org.apache.commons.dbcp.BasicDataSource">
		<beans:property name="driverClassName" value="net.sourceforge.jtds.jdbc.Driver" />
		<beans:property name="url"
			value="jdbc:jtds:sqlserver:/localhost:1433/REVIEWSYSTEM" />
		<beans:property name="username" value="reviewadmin" />
		<beans:property name="password" value="reviewadmin" />
	</beans:bean>

	<beans:bean id="appSessionFactory"
		class="org.springframework.orm.hibernate4.LocalSessionFactoryBean">
		<beans:property name="dataSource" ref="dataSource" />
		<beans:property name="configLocation" value="file:src/test/resources/test-hibernate-config.xml" />
		<beans:property name="hibernateProperties">
			<beans:value>
				hibernate.dialect=org.hibernate.dialect.SQLServerDialect
				hibernate.show_sql = true
			</beans:value>
		</beans:property>

	</beans:bean>

</beans:beans>
